Timing Analyzer report for top
Sun Jan  7 16:59:30 2024
Quartus Prime Version 22.1std.2 Build 922 07/20/2023 SC Lite Edition


---------------------
; Table of Contents ;
---------------------
  1. Legal Notice
  2. Timing Analyzer Summary
  3. Parallel Compilation
  4. Clocks
  5. Slow 1100mV 85C Model Fmax Summary
  6. Timing Closure Recommendations
  7. Slow 1100mV 85C Model Setup Summary
  8. Slow 1100mV 85C Model Hold Summary
  9. Slow 1100mV 85C Model Recovery Summary
 10. Slow 1100mV 85C Model Removal Summary
 11. Slow 1100mV 85C Model Minimum Pulse Width Summary
 12. Slow 1100mV 85C Model Metastability Summary
 13. Slow 1100mV 0C Model Fmax Summary
 14. Slow 1100mV 0C Model Setup Summary
 15. Slow 1100mV 0C Model Hold Summary
 16. Slow 1100mV 0C Model Recovery Summary
 17. Slow 1100mV 0C Model Removal Summary
 18. Slow 1100mV 0C Model Minimum Pulse Width Summary
 19. Slow 1100mV 0C Model Metastability Summary
 20. Fast 1100mV 85C Model Setup Summary
 21. Fast 1100mV 85C Model Hold Summary
 22. Fast 1100mV 85C Model Recovery Summary
 23. Fast 1100mV 85C Model Removal Summary
 24. Fast 1100mV 85C Model Minimum Pulse Width Summary
 25. Fast 1100mV 85C Model Metastability Summary
 26. Fast 1100mV 0C Model Setup Summary
 27. Fast 1100mV 0C Model Hold Summary
 28. Fast 1100mV 0C Model Recovery Summary
 29. Fast 1100mV 0C Model Removal Summary
 30. Fast 1100mV 0C Model Minimum Pulse Width Summary
 31. Fast 1100mV 0C Model Metastability Summary
 32. Multicorner Timing Analysis Summary
 33. Board Trace Model Assignments
 34. Input Transition Times
 35. Signal Integrity Metrics (Slow 1100mv 0c Model)
 36. Signal Integrity Metrics (Slow 1100mv 85c Model)
 37. Signal Integrity Metrics (Fast 1100mv 0c Model)
 38. Signal Integrity Metrics (Fast 1100mv 85c Model)
 39. Setup Transfers
 40. Hold Transfers
 41. Report TCCS
 42. Report RSKM
 43. Unconstrained Paths Summary
 44. Clock Status Summary
 45. Unconstrained Input Ports
 46. Unconstrained Output Ports
 47. Unconstrained Input Ports
 48. Unconstrained Output Ports
 49. Timing Analyzer Messages



----------------
; Legal Notice ;
----------------
Copyright (C) 2023  Intel Corporation. All rights reserved.
Your use of Intel Corporation's design tools, logic functions 
and other software and tools, and any partner logic 
functions, and any output files from any of the foregoing 
(including device programming or simulation files), and any 
associated documentation or information are expressly subject 
to the terms and conditions of the Intel Program License 
Subscription Agreement, the Intel Quartus Prime License Agreement,
the Intel FPGA IP License Agreement, or other applicable license
agreement, including, without limitation, that your use is for
the sole purpose of programming logic devices manufactured by
Intel and sold by Intel or its authorized distributors.  Please
refer to the applicable agreement for further details, at
https://fpgasoftware.intel.com/eula.



+--------------------------------------------------------------------------------+
; Timing Analyzer Summary                                                        ;
+-----------------------+--------------------------------------------------------+
; Quartus Prime Version ; Version 22.1std.2 Build 922 07/20/2023 SC Lite Edition ;
; Timing Analyzer       ; Legacy Timing Analyzer                                 ;
; Revision Name         ; top                                                    ;
; Device Family         ; Cyclone V                                              ;
; Device Name           ; 5CEBA4F23C7                                            ;
; Timing Models         ; Final                                                  ;
; Delay Model           ; Combined                                               ;
; Rise/Fall Delays      ; Enabled                                                ;
+-----------------------+--------------------------------------------------------+


+------------------------------------------+
; Parallel Compilation                     ;
+----------------------------+-------------+
; Processors                 ; Number      ;
+----------------------------+-------------+
; Number detected on machine ; 16          ;
; Maximum allowed            ; 16          ;
;                            ;             ;
; Average used               ; 2.90        ;
; Maximum used               ; 16          ;
;                            ;             ;
; Usage by Processor         ; % Time Used ;
;     Processor 1            ; 100.0%      ;
;     Processor 2            ;  15.3%      ;
;     Processor 3            ;  15.0%      ;
;     Processor 4            ;  14.7%      ;
;     Processor 5            ;  12.6%      ;
;     Processor 6            ;  12.2%      ;
;     Processor 7            ;  12.1%      ;
;     Processor 8            ;  12.1%      ;
;     Processor 9            ;  12.1%      ;
;     Processor 10           ;  12.1%      ;
;     Processor 11           ;  12.1%      ;
;     Processor 12           ;  12.1%      ;
;     Processor 13           ;  12.1%      ;
;     Processor 14           ;  12.0%      ;
;     Processor 15           ;  12.0%      ;
;     Processor 16           ;  12.0%      ;
+----------------------------+-------------+


+------------------------------------------------------------------------------------------------------------------------------------------------------------------------------------------------------------------+
; Clocks                                                                                                                                                                                                           ;
+-------------------------+------+--------+------------+-------+-------+------------+-----------+-------------+-------+--------+-----------+------------+----------+--------+--------+-----------------------------+
; Clock Name              ; Type ; Period ; Frequency  ; Rise  ; Fall  ; Duty Cycle ; Divide by ; Multiply by ; Phase ; Offset ; Edge List ; Edge Shift ; Inverted ; Master ; Source ; Targets                     ;
+-------------------------+------+--------+------------+-------+-------+------------+-----------+-------------+-------+--------+-----------+------------+----------+--------+--------+-----------------------------+
; butt_clk                ; Base ; 1.000  ; 1000.0 MHz ; 0.000 ; 0.500 ;            ;           ;             ;       ;        ;           ;            ;          ;        ;        ; { butt_clk }                ;
; bytetx:btx|lclk         ; Base ; 1.000  ; 1000.0 MHz ; 0.000 ; 0.500 ;            ;           ;             ;       ;        ;           ;            ;          ;        ;        ; { bytetx:btx|lclk }         ;
; clk                     ; Base ; 1.000  ; 1000.0 MHz ; 0.000 ; 0.500 ;            ;           ;             ;       ;        ;           ;            ;          ;        ;        ; { clk }                     ;
; hs_uart:uart|data_valid ; Base ; 1.000  ; 1000.0 MHz ; 0.000 ; 0.500 ;            ;           ;             ;       ;        ;           ;            ;          ;        ;        ; { hs_uart:uart|data_valid } ;
; t_clk                   ; Base ; 1.000  ; 1000.0 MHz ; 0.000 ; 0.500 ;            ;           ;             ;       ;        ;           ;            ;          ;        ;        ; { t_clk }                   ;
+-------------------------+------+--------+------------+-------+-------+------------+-----------+-------------+-------+--------+-----------+------------+----------+--------+--------+-----------------------------+


+---------------------------------------------------------------+
; Slow 1100mV 85C Model Fmax Summary                            ;
+------------+-----------------+-------------------------+------+
; Fmax       ; Restricted Fmax ; Clock Name              ; Note ;
+------------+-----------------+-------------------------+------+
; 107.25 MHz ; 107.25 MHz      ; butt_clk                ;      ;
; 117.61 MHz ; 117.61 MHz      ; bytetx:btx|lclk         ;      ;
; 124.49 MHz ; 124.49 MHz      ; clk                     ;      ;
; 251.07 MHz ; 251.07 MHz      ; hs_uart:uart|data_valid ;      ;
; 291.21 MHz ; 291.21 MHz      ; t_clk                   ;      ;
+------------+-----------------+-------------------------+------+
This panel reports FMAX for every clock in the design, regardless of the user-specified clock periods.  FMAX is only computed for paths where the source and destination registers or ports are driven by the same clock.  Paths of different clocks, including generated clocks, are ignored.  For paths between a clock and its inversion, FMAX is computed as if the rising and falling edges are scaled along with FMAX, such that the duty cycle (in terms of a percentage) is maintained. Altera recommends that you always use clock constraints and other slack reports for sign-off analysis.


----------------------------------
; Timing Closure Recommendations ;
----------------------------------
HTML report is unavailable in plain text report export.


+---------------------------------------------------+
; Slow 1100mV 85C Model Setup Summary               ;
+-------------------------+---------+---------------+
; Clock                   ; Slack   ; End Point TNS ;
+-------------------------+---------+---------------+
; bytetx:btx|lclk         ; -12.369 ; -489.622      ;
; clk                     ; -10.912 ; -2645.191     ;
; butt_clk                ; -8.324  ; -630.210      ;
; hs_uart:uart|data_valid ; -5.402  ; -206.411      ;
; t_clk                   ; -2.434  ; -17.567       ;
+-------------------------+---------+---------------+


+--------------------------------------------------+
; Slow 1100mV 85C Model Hold Summary               ;
+-------------------------+--------+---------------+
; Clock                   ; Slack  ; End Point TNS ;
+-------------------------+--------+---------------+
; butt_clk                ; -3.119 ; -58.553       ;
; clk                     ; -2.633 ; -171.700      ;
; t_clk                   ; -0.377 ; -0.377        ;
; bytetx:btx|lclk         ; 0.275  ; 0.000         ;
; hs_uart:uart|data_valid ; 0.338  ; 0.000         ;
+-------------------------+--------+---------------+


------------------------------------------
; Slow 1100mV 85C Model Recovery Summary ;
------------------------------------------
No paths to report.


-----------------------------------------
; Slow 1100mV 85C Model Removal Summary ;
-----------------------------------------
No paths to report.


+---------------------------------------------------+
; Slow 1100mV 85C Model Minimum Pulse Width Summary ;
+-------------------------+--------+----------------+
; Clock                   ; Slack  ; End Point TNS  ;
+-------------------------+--------+----------------+
; clk                     ; -0.538 ; -280.644       ;
; butt_clk                ; -0.538 ; -104.265       ;
; bytetx:btx|lclk         ; -0.538 ; -33.422        ;
; hs_uart:uart|data_valid ; -0.538 ; -33.111        ;
; t_clk                   ; -0.538 ; -7.918         ;
+-------------------------+--------+----------------+


-----------------------------------------------
; Slow 1100mV 85C Model Metastability Summary ;
-----------------------------------------------
Design MTBF is not calculated because the design doesn't meet its timing requirements.



+---------------------------------------------------------------+
; Slow 1100mV 0C Model Fmax Summary                             ;
+------------+-----------------+-------------------------+------+
; Fmax       ; Restricted Fmax ; Clock Name              ; Note ;
+------------+-----------------+-------------------------+------+
; 109.83 MHz ; 109.83 MHz      ; butt_clk                ;      ;
; 119.25 MHz ; 119.25 MHz      ; bytetx:btx|lclk         ;      ;
; 126.28 MHz ; 126.28 MHz      ; clk                     ;      ;
; 269.32 MHz ; 269.32 MHz      ; hs_uart:uart|data_valid ;      ;
; 298.06 MHz ; 298.06 MHz      ; t_clk                   ;      ;
+------------+-----------------+-------------------------+------+
This panel reports FMAX for every clock in the design, regardless of the user-specified clock periods.  FMAX is only computed for paths where the source and destination registers or ports are driven by the same clock.  Paths of different clocks, including generated clocks, are ignored.  For paths between a clock and its inversion, FMAX is computed as if the rising and falling edges are scaled along with FMAX, such that the duty cycle (in terms of a percentage) is maintained. Altera recommends that you always use clock constraints and other slack reports for sign-off analysis.


+---------------------------------------------------+
; Slow 1100mV 0C Model Setup Summary                ;
+-------------------------+---------+---------------+
; Clock                   ; Slack   ; End Point TNS ;
+-------------------------+---------+---------------+
; bytetx:btx|lclk         ; -12.176 ; -478.048      ;
; clk                     ; -10.467 ; -2565.361     ;
; butt_clk                ; -8.105  ; -612.229      ;
; hs_uart:uart|data_valid ; -5.451  ; -208.823      ;
; t_clk                   ; -2.355  ; -17.956       ;
+-------------------------+---------+---------------+


+--------------------------------------------------+
; Slow 1100mV 0C Model Hold Summary                ;
+-------------------------+--------+---------------+
; Clock                   ; Slack  ; End Point TNS ;
+-------------------------+--------+---------------+
; butt_clk                ; -3.007 ; -54.223       ;
; clk                     ; -2.792 ; -219.767      ;
; t_clk                   ; -0.322 ; -0.322        ;
; hs_uart:uart|data_valid ; 0.349  ; 0.000         ;
; bytetx:btx|lclk         ; 0.368  ; 0.000         ;
+-------------------------+--------+---------------+


-----------------------------------------
; Slow 1100mV 0C Model Recovery Summary ;
-----------------------------------------
No paths to report.


----------------------------------------
; Slow 1100mV 0C Model Removal Summary ;
----------------------------------------
No paths to report.


+--------------------------------------------------+
; Slow 1100mV 0C Model Minimum Pulse Width Summary ;
+-------------------------+--------+---------------+
; Clock                   ; Slack  ; End Point TNS ;
+-------------------------+--------+---------------+
; clk                     ; -0.552 ; -291.055      ;
; butt_clk                ; -0.538 ; -98.566       ;
; bytetx:btx|lclk         ; -0.538 ; -33.096       ;
; hs_uart:uart|data_valid ; -0.538 ; -33.014       ;
; t_clk                   ; -0.538 ; -7.822        ;
+-------------------------+--------+---------------+


----------------------------------------------
; Slow 1100mV 0C Model Metastability Summary ;
----------------------------------------------
Design MTBF is not calculated because the design doesn't meet its timing requirements.



+--------------------------------------------------+
; Fast 1100mV 85C Model Setup Summary              ;
+-------------------------+--------+---------------+
; Clock                   ; Slack  ; End Point TNS ;
+-------------------------+--------+---------------+
; bytetx:btx|lclk         ; -5.992 ; -230.355      ;
; clk                     ; -5.171 ; -1157.269     ;
; butt_clk                ; -4.304 ; -312.146      ;
; hs_uart:uart|data_valid ; -2.685 ; -101.414      ;
; t_clk                   ; -1.148 ; -5.832        ;
+-------------------------+--------+---------------+


+--------------------------------------------------+
; Fast 1100mV 85C Model Hold Summary               ;
+-------------------------+--------+---------------+
; Clock                   ; Slack  ; End Point TNS ;
+-------------------------+--------+---------------+
; clk                     ; -1.839 ; -189.217      ;
; butt_clk                ; -1.189 ; -15.469       ;
; t_clk                   ; -0.328 ; -0.341        ;
; hs_uart:uart|data_valid ; 0.069  ; 0.000         ;
; bytetx:btx|lclk         ; 0.114  ; 0.000         ;
+-------------------------+--------+---------------+


------------------------------------------
; Fast 1100mV 85C Model Recovery Summary ;
------------------------------------------
No paths to report.


-----------------------------------------
; Fast 1100mV 85C Model Removal Summary ;
-----------------------------------------
No paths to report.


+---------------------------------------------------+
; Fast 1100mV 85C Model Minimum Pulse Width Summary ;
+-------------------------+--------+----------------+
; Clock                   ; Slack  ; End Point TNS  ;
+-------------------------+--------+----------------+
; butt_clk                ; -0.575 ; -81.793        ;
; clk                     ; -0.138 ; -0.269         ;
; hs_uart:uart|data_valid ; 0.002  ; 0.000          ;
; t_clk                   ; 0.036  ; 0.000          ;
; bytetx:btx|lclk         ; 0.073  ; 0.000          ;
+-------------------------+--------+----------------+


-----------------------------------------------
; Fast 1100mV 85C Model Metastability Summary ;
-----------------------------------------------
Design MTBF is not calculated because the design doesn't meet its timing requirements.



+--------------------------------------------------+
; Fast 1100mV 0C Model Setup Summary               ;
+-------------------------+--------+---------------+
; Clock                   ; Slack  ; End Point TNS ;
+-------------------------+--------+---------------+
; bytetx:btx|lclk         ; -5.612 ; -216.158      ;
; clk                     ; -4.573 ; -1023.390     ;
; butt_clk                ; -3.713 ; -266.203      ;
; hs_uart:uart|data_valid ; -2.541 ; -96.351       ;
; t_clk                   ; -1.057 ; -5.071        ;
+-------------------------+--------+---------------+


+--------------------------------------------------+
; Fast 1100mV 0C Model Hold Summary                ;
+-------------------------+--------+---------------+
; Clock                   ; Slack  ; End Point TNS ;
+-------------------------+--------+---------------+
; clk                     ; -1.866 ; -215.360      ;
; butt_clk                ; -1.161 ; -16.382       ;
; t_clk                   ; -0.320 ; -0.351        ;
; hs_uart:uart|data_valid ; 0.080  ; 0.000         ;
; bytetx:btx|lclk         ; 0.114  ; 0.000         ;
+-------------------------+--------+---------------+


-----------------------------------------
; Fast 1100mV 0C Model Recovery Summary ;
-----------------------------------------
No paths to report.


----------------------------------------
; Fast 1100mV 0C Model Removal Summary ;
----------------------------------------
No paths to report.


+--------------------------------------------------+
; Fast 1100mV 0C Model Minimum Pulse Width Summary ;
+-------------------------+--------+---------------+
; Clock                   ; Slack  ; End Point TNS ;
+-------------------------+--------+---------------+
; butt_clk                ; -0.607 ; -89.594       ;
; clk                     ; -0.135 ; -0.260        ;
; hs_uart:uart|data_valid ; 0.035  ; 0.000         ;
; t_clk                   ; 0.059  ; 0.000         ;
; bytetx:btx|lclk         ; 0.082  ; 0.000         ;
+-------------------------+--------+---------------+


----------------------------------------------
; Fast 1100mV 0C Model Metastability Summary ;
----------------------------------------------
Design MTBF is not calculated because the design doesn't meet its timing requirements.



+--------------------------------------------------------------------------------------------+
; Multicorner Timing Analysis Summary                                                        ;
+--------------------------+-----------+----------+----------+---------+---------------------+
; Clock                    ; Setup     ; Hold     ; Recovery ; Removal ; Minimum Pulse Width ;
+--------------------------+-----------+----------+----------+---------+---------------------+
; Worst-case Slack         ; -12.369   ; -3.119   ; N/A      ; N/A     ; -0.607              ;
;  butt_clk                ; -8.324    ; -3.119   ; N/A      ; N/A     ; -0.607              ;
;  bytetx:btx|lclk         ; -12.369   ; 0.114    ; N/A      ; N/A     ; -0.538              ;
;  clk                     ; -10.912   ; -2.792   ; N/A      ; N/A     ; -0.552              ;
;  hs_uart:uart|data_valid ; -5.451    ; 0.069    ; N/A      ; N/A     ; -0.538              ;
;  t_clk                   ; -2.434    ; -0.377   ; N/A      ; N/A     ; -0.538              ;
; Design-wide TNS          ; -3989.001 ; -274.312 ; 0.0      ; 0.0     ; -463.553            ;
;  butt_clk                ; -630.210  ; -58.553  ; N/A      ; N/A     ; -104.265            ;
;  bytetx:btx|lclk         ; -489.622  ; 0.000    ; N/A      ; N/A     ; -33.422             ;
;  clk                     ; -2645.191 ; -219.767 ; N/A      ; N/A     ; -291.055            ;
;  hs_uart:uart|data_valid ; -208.823  ; 0.000    ; N/A      ; N/A     ; -33.111             ;
;  t_clk                   ; -17.956   ; -0.377   ; N/A      ; N/A     ; -7.918              ;
+--------------------------+-----------+----------+----------+---------+---------------------+


+----------------------------------------------------------------------------------------------------------------------------------------------------------------------------------------------------------------------------------------------------------------------------------------------------------------------------------------------------------------------------------------------------------------+
; Board Trace Model Assignments                                                                                                                                                                                                                                                                                                                                                                                  ;
+-------------+--------------+-------------------+-------------------------+-------------------------+---------------+---------------------+----------------+------------------+--------+------------------+------------------------+------------------------+--------------+---------------+-----------------+-------+---------------------+--------------------+---------------+-----------------+-------------+
; Pin         ; I/O Standard ; Near Tline Length ; Near Tline L per Length ; Near Tline C per Length ; Near Series R ; Near Differential R ; Near Pull-up R ; Near Pull-down R ; Near C ; Far Tline Length ; Far Tline L per Length ; Far Tline C per Length ; Far Series R ; Far Pull-up R ; Far Pull-down R ; Far C ; Termination Voltage ; Far Differential R ; EBD File Name ; EBD Signal Name ; EBD Far-end ;
+-------------+--------------+-------------------+-------------------------+-------------------------+---------------+---------------------+----------------+------------------+--------+------------------+------------------------+------------------------+--------------+---------------+-----------------+-------+---------------------+--------------------+---------------+-----------------+-------------+
; tx          ; 3.3-V LVCMOS ; 0 in              ; 0 H/in                  ; 0 F/in                  ; short         ; -                   ; open           ; open             ; open   ; 0 in             ; 0 H/in                 ; 0 F/in                 ; short        ; open          ; open            ; open  ; 0 V                 ; -                  ; n/a           ; n/a             ; n/a         ;
; rx_echo     ; 3.3-V LVCMOS ; 0 in              ; 0 H/in                  ; 0 F/in                  ; short         ; -                   ; open           ; open             ; open   ; 0 in             ; 0 H/in                 ; 0 F/in                 ; short        ; open          ; open            ; open  ; 0 V                 ; -                  ; n/a           ; n/a             ; n/a         ;
; ser_clk_out ; 3.3-V LVCMOS ; 0 in              ; 0 H/in                  ; 0 F/in                  ; short         ; -                   ; open           ; open             ; open   ; 0 in             ; 0 H/in                 ; 0 F/in                 ; short        ; open          ; open            ; open  ; 0 V                 ; -                  ; n/a           ; n/a             ; n/a         ;
; clk         ; 1.2-V HSUL   ; 0 in              ; 0 H/in                  ; 0 F/in                  ; short         ; -                   ; open           ; open             ; open   ; 0 in             ; 0 H/in                 ; 0 F/in                 ; short        ; open          ; open            ; open  ; 0 V                 ; -                  ; n/a           ; n/a             ; n/a         ;
+-------------+--------------+-------------------+-------------------------+-------------------------+---------------+---------------------+----------------+------------------+--------+------------------+------------------------+------------------------+--------------+---------------+-----------------+-------+---------------------+--------------------+---------------+-----------------+-------------+


+---------------------------------------------------------------------+
; Input Transition Times                                              ;
+------------------+--------------+-----------------+-----------------+
; Pin              ; I/O Standard ; 10-90 Rise Time ; 90-10 Fall Time ;
+------------------+--------------+-----------------+-----------------+
; clk              ; 1.2-V HSUL   ; 960 ps          ; 960 ps          ;
; rx               ; 3.3-V LVCMOS ; 2640 ps         ; 2640 ps         ;
; upload           ; 3.3-V LVCMOS ; 2640 ps         ; 2640 ps         ;
; butt_clk         ; 3.3-V LVCMOS ; 2640 ps         ; 2640 ps         ;
; termination_blk0 ; 1.2 V        ; 960 ps          ; 960 ps          ;
+------------------+--------------+-----------------+-----------------+


+------------------------------------------------------------------------------------------------------------------------------------------------------------------------------------------------------------------------------------------------------------------------------------------------------------------------------------------------------------------------------------------------------------------------------------------------------------------------------------------------------------------------------------------------------------------------------------------------------------------------------------------------------------------------------------------+
; Signal Integrity Metrics (Slow 1100mv 0c Model)                                                                                                                                                                                                                                                                                                                                                                                                                                                                                                                                                                                                                                          ;
+-------------+--------------+---------------------+---------------------+------------------------------+------------------------------+---------------------+---------------------+--------------------------------------+--------------------------------------+-----------------------------+-----------------------------+----------------------------+----------------------------+-----------------------------+-----------------------------+--------------------+--------------------+-------------------------------------+-------------------------------------+----------------------------+----------------------------+---------------------------+---------------------------+
; Pin         ; I/O Standard ; Board Delay on Rise ; Board Delay on Fall ; Steady State Voh at FPGA Pin ; Steady State Vol at FPGA Pin ; Voh Max at FPGA Pin ; Vol Min at FPGA Pin ; Ringback Voltage on Rise at FPGA Pin ; Ringback Voltage on Fall at FPGA Pin ; 10-90 Rise Time at FPGA Pin ; 90-10 Fall Time at FPGA Pin ; Monotonic Rise at FPGA Pin ; Monotonic Fall at FPGA Pin ; Steady State Voh at Far-end ; Steady State Vol at Far-end ; Voh Max at Far-end ; Vol Min at Far-end ; Ringback Voltage on Rise at Far-end ; Ringback Voltage on Fall at Far-end ; 10-90 Rise Time at Far-end ; 90-10 Fall Time at Far-end ; Monotonic Rise at Far-end ; Monotonic Fall at Far-end ;
+-------------+--------------+---------------------+---------------------+------------------------------+------------------------------+---------------------+---------------------+--------------------------------------+--------------------------------------+-----------------------------+-----------------------------+----------------------------+----------------------------+-----------------------------+-----------------------------+--------------------+--------------------+-------------------------------------+-------------------------------------+----------------------------+----------------------------+---------------------------+---------------------------+
; tx          ; 3.3-V LVCMOS ; 0 s                 ; 0 s                 ; 3.08 V                       ; 1.58e-07 V                   ; 3.09 V              ; -0.13 V             ; 0.032 V                              ; 0.298 V                              ; 4.39e-10 s                  ; 1.69e-10 s                  ; Yes                        ; Yes                        ; 3.08 V                      ; 1.58e-07 V                  ; 3.09 V             ; -0.13 V            ; 0.032 V                             ; 0.298 V                             ; 4.39e-10 s                 ; 1.69e-10 s                 ; Yes                       ; Yes                       ;
; rx_echo     ; 3.3-V LVCMOS ; 0 s                 ; 0 s                 ; 3.08 V                       ; 2.01e-07 V                   ; 3.13 V              ; -0.229 V            ; 0.131 V                              ; 0.38 V                               ; 4.37e-10 s                  ; 1.58e-10 s                  ; Yes                        ; No                         ; 3.08 V                      ; 2.01e-07 V                  ; 3.13 V             ; -0.229 V           ; 0.131 V                             ; 0.38 V                              ; 4.37e-10 s                 ; 1.58e-10 s                 ; Yes                       ; No                        ;
; ser_clk_out ; 3.3-V LVCMOS ; 0 s                 ; 0 s                 ; 3.08 V                       ; 2.1e-07 V                    ; 3.12 V              ; -0.169 V            ; 0.165 V                              ; 0.384 V                              ; 4.57e-10 s                  ; 1.75e-10 s                  ; Yes                        ; No                         ; 3.08 V                      ; 2.1e-07 V                   ; 3.12 V             ; -0.169 V           ; 0.165 V                             ; 0.384 V                             ; 4.57e-10 s                 ; 1.75e-10 s                 ; Yes                       ; No                        ;
; clk         ; 1.2-V HSUL   ; 0 s                 ; 0 s                 ; 1.09 V                       ; 9.24e-08 V                   ; 1.15 V              ; -0.0423 V           ; 0.16 V                               ; 0.12 V                               ; 2.8e-10 s                   ; 2.92e-10 s                  ; No                         ; No                         ; 1.09 V                      ; 9.24e-08 V                  ; 1.15 V             ; -0.0423 V          ; 0.16 V                              ; 0.12 V                              ; 2.8e-10 s                  ; 2.92e-10 s                 ; No                        ; No                        ;
+-------------+--------------+---------------------+---------------------+------------------------------+------------------------------+---------------------+---------------------+--------------------------------------+--------------------------------------+-----------------------------+-----------------------------+----------------------------+----------------------------+-----------------------------+-----------------------------+--------------------+--------------------+-------------------------------------+-------------------------------------+----------------------------+----------------------------+---------------------------+---------------------------+


+------------------------------------------------------------------------------------------------------------------------------------------------------------------------------------------------------------------------------------------------------------------------------------------------------------------------------------------------------------------------------------------------------------------------------------------------------------------------------------------------------------------------------------------------------------------------------------------------------------------------------------------------------------------------------------------+
; Signal Integrity Metrics (Slow 1100mv 85c Model)                                                                                                                                                                                                                                                                                                                                                                                                                                                                                                                                                                                                                                         ;
+-------------+--------------+---------------------+---------------------+------------------------------+------------------------------+---------------------+---------------------+--------------------------------------+--------------------------------------+-----------------------------+-----------------------------+----------------------------+----------------------------+-----------------------------+-----------------------------+--------------------+--------------------+-------------------------------------+-------------------------------------+----------------------------+----------------------------+---------------------------+---------------------------+
; Pin         ; I/O Standard ; Board Delay on Rise ; Board Delay on Fall ; Steady State Voh at FPGA Pin ; Steady State Vol at FPGA Pin ; Voh Max at FPGA Pin ; Vol Min at FPGA Pin ; Ringback Voltage on Rise at FPGA Pin ; Ringback Voltage on Fall at FPGA Pin ; 10-90 Rise Time at FPGA Pin ; 90-10 Fall Time at FPGA Pin ; Monotonic Rise at FPGA Pin ; Monotonic Fall at FPGA Pin ; Steady State Voh at Far-end ; Steady State Vol at Far-end ; Voh Max at Far-end ; Vol Min at Far-end ; Ringback Voltage on Rise at Far-end ; Ringback Voltage on Fall at Far-end ; 10-90 Rise Time at Far-end ; 90-10 Fall Time at Far-end ; Monotonic Rise at Far-end ; Monotonic Fall at Far-end ;
+-------------+--------------+---------------------+---------------------+------------------------------+------------------------------+---------------------+---------------------+--------------------------------------+--------------------------------------+-----------------------------+-----------------------------+----------------------------+----------------------------+-----------------------------+-----------------------------+--------------------+--------------------+-------------------------------------+-------------------------------------+----------------------------+----------------------------+---------------------------+---------------------------+
; tx          ; 3.3-V LVCMOS ; 0 s                 ; 0 s                 ; 3.08 V                       ; 1.66e-05 V                   ; 3.09 V              ; -0.0542 V           ; 0.04 V                               ; 0.089 V                              ; 5.35e-10 s                  ; 3.01e-10 s                  ; Yes                        ; Yes                        ; 3.08 V                      ; 1.66e-05 V                  ; 3.09 V             ; -0.0542 V          ; 0.04 V                              ; 0.089 V                             ; 5.35e-10 s                 ; 3.01e-10 s                 ; Yes                       ; Yes                       ;
; rx_echo     ; 3.3-V LVCMOS ; 0 s                 ; 0 s                 ; 3.08 V                       ; 2.02e-05 V                   ; 3.11 V              ; -0.117 V            ; 0.087 V                              ; 0.147 V                              ; 5.3e-10 s                   ; 3.14e-10 s                  ; Yes                        ; No                         ; 3.08 V                      ; 2.02e-05 V                  ; 3.11 V             ; -0.117 V           ; 0.087 V                             ; 0.147 V                             ; 5.3e-10 s                  ; 3.14e-10 s                 ; Yes                       ; No                        ;
; ser_clk_out ; 3.3-V LVCMOS ; 0 s                 ; 0 s                 ; 3.08 V                       ; 2.1e-05 V                    ; 3.11 V              ; -0.0931 V           ; 0.115 V                              ; 0.142 V                              ; 5.74e-10 s                  ; 3.17e-10 s                  ; Yes                        ; Yes                        ; 3.08 V                      ; 2.1e-05 V                   ; 3.11 V             ; -0.0931 V          ; 0.115 V                             ; 0.142 V                             ; 5.74e-10 s                 ; 3.17e-10 s                 ; Yes                       ; Yes                       ;
; clk         ; 1.2-V HSUL   ; 0 s                 ; 0 s                 ; 1.09 V                       ; 1.09e-05 V                   ; 1.14 V              ; -0.0334 V           ; 0.154 V                              ; 0.121 V                              ; 2.96e-10 s                  ; 3.05e-10 s                  ; No                         ; No                         ; 1.09 V                      ; 1.09e-05 V                  ; 1.14 V             ; -0.0334 V          ; 0.154 V                             ; 0.121 V                             ; 2.96e-10 s                 ; 3.05e-10 s                 ; No                        ; No                        ;
+-------------+--------------+---------------------+---------------------+------------------------------+------------------------------+---------------------+---------------------+--------------------------------------+--------------------------------------+-----------------------------+-----------------------------+----------------------------+----------------------------+-----------------------------+-----------------------------+--------------------+--------------------+-------------------------------------+-------------------------------------+----------------------------+----------------------------+---------------------------+---------------------------+


+------------------------------------------------------------------------------------------------------------------------------------------------------------------------------------------------------------------------------------------------------------------------------------------------------------------------------------------------------------------------------------------------------------------------------------------------------------------------------------------------------------------------------------------------------------------------------------------------------------------------------------------------------------------------------------------+
; Signal Integrity Metrics (Fast 1100mv 0c Model)                                                                                                                                                                                                                                                                                                                                                                                                                                                                                                                                                                                                                                          ;
+-------------+--------------+---------------------+---------------------+------------------------------+------------------------------+---------------------+---------------------+--------------------------------------+--------------------------------------+-----------------------------+-----------------------------+----------------------------+----------------------------+-----------------------------+-----------------------------+--------------------+--------------------+-------------------------------------+-------------------------------------+----------------------------+----------------------------+---------------------------+---------------------------+
; Pin         ; I/O Standard ; Board Delay on Rise ; Board Delay on Fall ; Steady State Voh at FPGA Pin ; Steady State Vol at FPGA Pin ; Voh Max at FPGA Pin ; Vol Min at FPGA Pin ; Ringback Voltage on Rise at FPGA Pin ; Ringback Voltage on Fall at FPGA Pin ; 10-90 Rise Time at FPGA Pin ; 90-10 Fall Time at FPGA Pin ; Monotonic Rise at FPGA Pin ; Monotonic Fall at FPGA Pin ; Steady State Voh at Far-end ; Steady State Vol at Far-end ; Voh Max at Far-end ; Vol Min at Far-end ; Ringback Voltage on Rise at Far-end ; Ringback Voltage on Fall at Far-end ; 10-90 Rise Time at Far-end ; 90-10 Fall Time at Far-end ; Monotonic Rise at Far-end ; Monotonic Fall at Far-end ;
+-------------+--------------+---------------------+---------------------+------------------------------+------------------------------+---------------------+---------------------+--------------------------------------+--------------------------------------+-----------------------------+-----------------------------+----------------------------+----------------------------+-----------------------------+-----------------------------+--------------------+--------------------+-------------------------------------+-------------------------------------+----------------------------+----------------------------+---------------------------+---------------------------+
; tx          ; 3.3-V LVCMOS ; 0 s                 ; 0 s                 ; 3.63 V                       ; 3.63e-06 V                   ; 3.64 V              ; -0.326 V            ; 0.091 V                              ; 0.479 V                              ; 3.83e-10 s                  ; 1.5e-10 s                   ; Yes                        ; No                         ; 3.63 V                      ; 3.63e-06 V                  ; 3.64 V             ; -0.326 V           ; 0.091 V                             ; 0.479 V                             ; 3.83e-10 s                 ; 1.5e-10 s                  ; Yes                       ; No                        ;
; rx_echo     ; 3.3-V LVCMOS ; 0 s                 ; 0 s                 ; 3.63 V                       ; 4.72e-06 V                   ; 3.7 V               ; -0.49 V             ; 0.117 V                              ; 0.622 V                              ; 3.84e-10 s                  ; 1.48e-10 s                  ; Yes                        ; No                         ; 3.63 V                      ; 4.72e-06 V                  ; 3.7 V              ; -0.49 V            ; 0.117 V                             ; 0.622 V                             ; 3.84e-10 s                 ; 1.48e-10 s                 ; Yes                       ; No                        ;
; ser_clk_out ; 3.3-V LVCMOS ; 0 s                 ; 0 s                 ; 3.63 V                       ; 4.94e-06 V                   ; 3.69 V              ; -0.414 V            ; 0.134 V                              ; 0.585 V                              ; 4.19e-10 s                  ; 1.53e-10 s                  ; Yes                        ; No                         ; 3.63 V                      ; 4.94e-06 V                  ; 3.69 V             ; -0.414 V           ; 0.134 V                             ; 0.585 V                             ; 4.19e-10 s                 ; 1.53e-10 s                 ; Yes                       ; No                        ;
; clk         ; 1.2-V HSUL   ; 0 s                 ; 0 s                 ; 1.32 V                       ; 1.79e-06 V                   ; 1.41 V              ; -0.108 V            ; 0.195 V                              ; 0.192 V                              ; 2.72e-10 s                  ; 2.73e-10 s                  ; No                         ; No                         ; 1.32 V                      ; 1.79e-06 V                  ; 1.41 V             ; -0.108 V           ; 0.195 V                             ; 0.192 V                             ; 2.72e-10 s                 ; 2.73e-10 s                 ; No                        ; No                        ;
+-------------+--------------+---------------------+---------------------+------------------------------+------------------------------+---------------------+---------------------+--------------------------------------+--------------------------------------+-----------------------------+-----------------------------+----------------------------+----------------------------+-----------------------------+-----------------------------+--------------------+--------------------+-------------------------------------+-------------------------------------+----------------------------+----------------------------+---------------------------+---------------------------+


+------------------------------------------------------------------------------------------------------------------------------------------------------------------------------------------------------------------------------------------------------------------------------------------------------------------------------------------------------------------------------------------------------------------------------------------------------------------------------------------------------------------------------------------------------------------------------------------------------------------------------------------------------------------------------------------+
; Signal Integrity Metrics (Fast 1100mv 85c Model)                                                                                                                                                                                                                                                                                                                                                                                                                                                                                                                                                                                                                                         ;
+-------------+--------------+---------------------+---------------------+------------------------------+------------------------------+---------------------+---------------------+--------------------------------------+--------------------------------------+-----------------------------+-----------------------------+----------------------------+----------------------------+-----------------------------+-----------------------------+--------------------+--------------------+-------------------------------------+-------------------------------------+----------------------------+----------------------------+---------------------------+---------------------------+
; Pin         ; I/O Standard ; Board Delay on Rise ; Board Delay on Fall ; Steady State Voh at FPGA Pin ; Steady State Vol at FPGA Pin ; Voh Max at FPGA Pin ; Vol Min at FPGA Pin ; Ringback Voltage on Rise at FPGA Pin ; Ringback Voltage on Fall at FPGA Pin ; 10-90 Rise Time at FPGA Pin ; 90-10 Fall Time at FPGA Pin ; Monotonic Rise at FPGA Pin ; Monotonic Fall at FPGA Pin ; Steady State Voh at Far-end ; Steady State Vol at Far-end ; Voh Max at Far-end ; Vol Min at Far-end ; Ringback Voltage on Rise at Far-end ; Ringback Voltage on Fall at Far-end ; 10-90 Rise Time at Far-end ; 90-10 Fall Time at Far-end ; Monotonic Rise at Far-end ; Monotonic Fall at Far-end ;
+-------------+--------------+---------------------+---------------------+------------------------------+------------------------------+---------------------+---------------------+--------------------------------------+--------------------------------------+-----------------------------+-----------------------------+----------------------------+----------------------------+-----------------------------+-----------------------------+--------------------+--------------------+-------------------------------------+-------------------------------------+----------------------------+----------------------------+---------------------------+---------------------------+
; tx          ; 3.3-V LVCMOS ; 0 s                 ; 0 s                 ; 3.63 V                       ; 0.000184 V                   ; 3.64 V              ; -0.19 V             ; 0.019 V                              ; 0.425 V                              ; 4.44e-10 s                  ; 1.91e-10 s                  ; Yes                        ; No                         ; 3.63 V                      ; 0.000184 V                  ; 3.64 V             ; -0.19 V            ; 0.019 V                             ; 0.425 V                             ; 4.44e-10 s                 ; 1.91e-10 s                 ; Yes                       ; No                        ;
; rx_echo     ; 3.3-V LVCMOS ; 0 s                 ; 0 s                 ; 3.63 V                       ; 0.000229 V                   ; 3.65 V              ; -0.316 V            ; 0.041 V                              ; 0.53 V                               ; 4.29e-10 s                  ; 1.87e-10 s                  ; Yes                        ; No                         ; 3.63 V                      ; 0.000229 V                  ; 3.65 V             ; -0.316 V           ; 0.041 V                             ; 0.53 V                              ; 4.29e-10 s                 ; 1.87e-10 s                 ; Yes                       ; No                        ;
; ser_clk_out ; 3.3-V LVCMOS ; 0 s                 ; 0 s                 ; 3.63 V                       ; 0.000238 V                   ; 3.64 V              ; -0.254 V            ; 0.052 V                              ; 0.543 V                              ; 4.59e-10 s                  ; 1.96e-10 s                  ; Yes                        ; No                         ; 3.63 V                      ; 0.000238 V                  ; 3.64 V             ; -0.254 V           ; 0.052 V                             ; 0.543 V                             ; 4.59e-10 s                 ; 1.96e-10 s                 ; Yes                       ; No                        ;
; clk         ; 1.2-V HSUL   ; 0 s                 ; 0 s                 ; 1.32 V                       ; 0.000111 V                   ; 1.39 V              ; -0.0621 V           ; 0.175 V                              ; 0.155 V                              ; 2.85e-10 s                  ; 2.88e-10 s                  ; No                         ; No                         ; 1.32 V                      ; 0.000111 V                  ; 1.39 V             ; -0.0621 V          ; 0.175 V                             ; 0.155 V                             ; 2.85e-10 s                 ; 2.88e-10 s                 ; No                        ; No                        ;
+-------------+--------------+---------------------+---------------------+------------------------------+------------------------------+---------------------+---------------------+--------------------------------------+--------------------------------------+-----------------------------+-----------------------------+----------------------------+----------------------------+-----------------------------+-----------------------------+--------------------+--------------------+-------------------------------------+-------------------------------------+----------------------------+----------------------------+---------------------------+---------------------------+


+-----------------------------------------------------------------------------------------------+
; Setup Transfers                                                                               ;
+-------------------------+-------------------------+----------+----------+----------+----------+
; From Clock              ; To Clock                ; RR Paths ; FR Paths ; RF Paths ; FF Paths ;
+-------------------------+-------------------------+----------+----------+----------+----------+
; butt_clk                ; butt_clk                ; 14721    ; 0        ; 0        ; 0        ;
; clk                     ; butt_clk                ; 2678     ; 0        ; 0        ; 0        ;
; butt_clk                ; bytetx:btx|lclk         ; 0        ; 0        ; 2378     ; 0        ;
; bytetx:btx|lclk         ; bytetx:btx|lclk         ; 0        ; 0        ; 0        ; 14633    ;
; clk                     ; bytetx:btx|lclk         ; 0        ; 0        ; 8528     ; 0        ;
; butt_clk                ; clk                     ; 5634     ; 0        ; 0        ; 0        ;
; clk                     ; clk                     ; 19299    ; 0        ; 0        ; 0        ;
; hs_uart:uart|data_valid ; clk                     ; 15453    ; 1        ; 0        ; 0        ;
; t_clk                   ; clk                     ; 1        ; 1        ; 0        ; 0        ;
; clk                     ; hs_uart:uart|data_valid ; 592      ; 0        ; 0        ; 0        ;
; hs_uart:uart|data_valid ; hs_uart:uart|data_valid ; 571      ; 0        ; 0        ; 0        ;
; bytetx:btx|lclk         ; t_clk                   ; 2        ; 10       ; 0        ; 0        ;
; t_clk                   ; t_clk                   ; 47       ; 0        ; 0        ; 0        ;
+-------------------------+-------------------------+----------+----------+----------+----------+
Entries labeled "false path" only account for clock-to-clock false paths and not path-based false paths. As a result, actual path counts may be lower than reported.


+-----------------------------------------------------------------------------------------------+
; Hold Transfers                                                                                ;
+-------------------------+-------------------------+----------+----------+----------+----------+
; From Clock              ; To Clock                ; RR Paths ; FR Paths ; RF Paths ; FF Paths ;
+-------------------------+-------------------------+----------+----------+----------+----------+
; butt_clk                ; butt_clk                ; 14721    ; 0        ; 0        ; 0        ;
; clk                     ; butt_clk                ; 2678     ; 0        ; 0        ; 0        ;
; butt_clk                ; bytetx:btx|lclk         ; 0        ; 0        ; 2378     ; 0        ;
; bytetx:btx|lclk         ; bytetx:btx|lclk         ; 0        ; 0        ; 0        ; 14633    ;
; clk                     ; bytetx:btx|lclk         ; 0        ; 0        ; 8528     ; 0        ;
; butt_clk                ; clk                     ; 5634     ; 0        ; 0        ; 0        ;
; clk                     ; clk                     ; 19299    ; 0        ; 0        ; 0        ;
; hs_uart:uart|data_valid ; clk                     ; 15453    ; 1        ; 0        ; 0        ;
; t_clk                   ; clk                     ; 1        ; 1        ; 0        ; 0        ;
; clk                     ; hs_uart:uart|data_valid ; 592      ; 0        ; 0        ; 0        ;
; hs_uart:uart|data_valid ; hs_uart:uart|data_valid ; 571      ; 0        ; 0        ; 0        ;
; bytetx:btx|lclk         ; t_clk                   ; 2        ; 10       ; 0        ; 0        ;
; t_clk                   ; t_clk                   ; 47       ; 0        ; 0        ; 0        ;
+-------------------------+-------------------------+----------+----------+----------+----------+
Entries labeled "false path" only account for clock-to-clock false paths and not path-based false paths. As a result, actual path counts may be lower than reported.


---------------
; Report TCCS ;
---------------
No dedicated SERDES Transmitter circuitry present in device or used in design


---------------
; Report RSKM ;
---------------
No non-DPA dedicated SERDES Receiver circuitry present in device or used in design


+------------------------------------------------+
; Unconstrained Paths Summary                    ;
+---------------------------------+-------+------+
; Property                        ; Setup ; Hold ;
+---------------------------------+-------+------+
; Illegal Clocks                  ; 0     ; 0    ;
; Unconstrained Clocks            ; 0     ; 0    ;
; Unconstrained Input Ports       ; 3     ; 3    ;
; Unconstrained Input Port Paths  ; 312   ; 312  ;
; Unconstrained Output Ports      ; 3     ; 3    ;
; Unconstrained Output Port Paths ; 3     ; 3    ;
+---------------------------------+-------+------+


+------------------------------------------------------------------------+
; Clock Status Summary                                                   ;
+-------------------------+-------------------------+------+-------------+
; Target                  ; Clock                   ; Type ; Status      ;
+-------------------------+-------------------------+------+-------------+
; butt_clk                ; butt_clk                ; Base ; Constrained ;
; bytetx:btx|lclk         ; bytetx:btx|lclk         ; Base ; Constrained ;
; clk                     ; clk                     ; Base ; Constrained ;
; hs_uart:uart|data_valid ; hs_uart:uart|data_valid ; Base ; Constrained ;
; t_clk                   ; t_clk                   ; Base ; Constrained ;
+-------------------------+-------------------------+------+-------------+


+---------------------------------------------------------------------------------------------------+
; Unconstrained Input Ports                                                                         ;
+------------+--------------------------------------------------------------------------------------+
; Input Port ; Comment                                                                              ;
+------------+--------------------------------------------------------------------------------------+
; clk        ; No input delay, min/max delays, false-path exceptions, or max skew assignments found ;
; rx         ; No input delay, min/max delays, false-path exceptions, or max skew assignments found ;
; upload     ; No input delay, min/max delays, false-path exceptions, or max skew assignments found ;
+------------+--------------------------------------------------------------------------------------+


+-----------------------------------------------------------------------------------------------------+
; Unconstrained Output Ports                                                                          ;
+-------------+---------------------------------------------------------------------------------------+
; Output Port ; Comment                                                                               ;
+-------------+---------------------------------------------------------------------------------------+
; rx_echo     ; No output delay, min/max delays, false-path exceptions, or max skew assignments found ;
; ser_clk_out ; No output delay, min/max delays, false-path exceptions, or max skew assignments found ;
; tx          ; No output delay, min/max delays, false-path exceptions, or max skew assignments found ;
+-------------+---------------------------------------------------------------------------------------+


+---------------------------------------------------------------------------------------------------+
; Unconstrained Input Ports                                                                         ;
+------------+--------------------------------------------------------------------------------------+
; Input Port ; Comment                                                                              ;
+------------+--------------------------------------------------------------------------------------+
; clk        ; No input delay, min/max delays, false-path exceptions, or max skew assignments found ;
; rx         ; No input delay, min/max delays, false-path exceptions, or max skew assignments found ;
; upload     ; No input delay, min/max delays, false-path exceptions, or max skew assignments found ;
+------------+--------------------------------------------------------------------------------------+


+-----------------------------------------------------------------------------------------------------+
; Unconstrained Output Ports                                                                          ;
+-------------+---------------------------------------------------------------------------------------+
; Output Port ; Comment                                                                               ;
+-------------+---------------------------------------------------------------------------------------+
; rx_echo     ; No output delay, min/max delays, false-path exceptions, or max skew assignments found ;
; ser_clk_out ; No output delay, min/max delays, false-path exceptions, or max skew assignments found ;
; tx          ; No output delay, min/max delays, false-path exceptions, or max skew assignments found ;
+-------------+---------------------------------------------------------------------------------------+


+--------------------------+
; Timing Analyzer Messages ;
+--------------------------+
Info: *******************************************************************
Info: Running Quartus Prime Timing Analyzer
    Info: Version 22.1std.2 Build 922 07/20/2023 SC Lite Edition
    Info: Processing started: Sun Jan  7 16:59:23 2024
Info: Command: quartus_sta top -c top
Info: qsta_default_script.tcl version: #1
Warning (18236): Number of processors has not been specified which may cause overloading on shared machines.  Set the global assignment NUM_PARALLEL_PROCESSORS in your QSF to an appropriate value for best performance.
Info (20030): Parallel compilation is enabled and will use 16 of the 16 processors detected
Info (21077): Low junction temperature is 0 degrees C
Info (21077): High junction temperature is 85 degrees C
Critical Warning (332012): Synopsys Design Constraints File file not found: 'top.sdc'. A Synopsys Design Constraints File is required by the Timing Analyzer to get proper timing constraints. Without it, the Compiler will not properly optimize the design.
Info (332142): No user constrained base clocks found in the design. Calling "derive_clocks -period 1.0"
Info (332105): Deriving Clocks
    Info (332105): create_clock -period 1.000 -name bytetx:btx|lclk bytetx:btx|lclk
    Info (332105): create_clock -period 1.000 -name t_clk t_clk
    Info (332105): create_clock -period 1.000 -name clk clk
    Info (332105): create_clock -period 1.000 -name hs_uart:uart|data_valid hs_uart:uart|data_valid
    Info (332105): create_clock -period 1.000 -name butt_clk butt_clk
Info (332143): No user constrained clock uncertainty found in the design. Calling "derive_clock_uncertainty"
Info (332123): Deriving Clock Uncertainty. Please refer to report_sdc in the Timing Analyzer to see clock uncertainties.
Info: Found TIMING_ANALYZER_REPORT_SCRIPT_INCLUDE_DEFAULT_ANALYSIS = ON
Info: Analyzing Slow 1100mV 85C Model
Critical Warning (332148): Timing requirements not met
    Info (11105): For recommendations on closing timing, run Report Timing Closure Recommendations in the Timing Analyzer.
Info (332146): Worst-case setup slack is -12.369
    Info (332119):     Slack       End Point TNS Clock 
    Info (332119): ========= =================== =====================
    Info (332119):   -12.369            -489.622 bytetx:btx|lclk 
    Info (332119):   -10.912           -2645.191 clk 
    Info (332119):    -8.324            -630.210 butt_clk 
    Info (332119):    -5.402            -206.411 hs_uart:uart|data_valid 
    Info (332119):    -2.434             -17.567 t_clk 
Info (332146): Worst-case hold slack is -3.119
    Info (332119):     Slack       End Point TNS Clock 
    Info (332119): ========= =================== =====================
    Info (332119):    -3.119             -58.553 butt_clk 
    Info (332119):    -2.633            -171.700 clk 
    Info (332119):    -0.377              -0.377 t_clk 
    Info (332119):     0.275               0.000 bytetx:btx|lclk 
    Info (332119):     0.338               0.000 hs_uart:uart|data_valid 
Info (332140): No Recovery paths to report
Info (332140): No Removal paths to report
Info (332146): Worst-case minimum pulse width slack is -0.538
    Info (332119):     Slack       End Point TNS Clock 
    Info (332119): ========= =================== =====================
    Info (332119):    -0.538            -280.644 clk 
    Info (332119):    -0.538            -104.265 butt_clk 
    Info (332119):    -0.538             -33.422 bytetx:btx|lclk 
    Info (332119):    -0.538             -33.111 hs_uart:uart|data_valid 
    Info (332119):    -0.538              -7.918 t_clk 
Info (332114): Report Metastability: Found 1 synchronizer chains.
    Info (332114): Design MTBF is not calculated because the design doesn't meet its timing requirements.
Info: Analyzing Slow 1100mV 0C Model
Info (334003): Started post-fitting delay annotation
Info (334004): Delay annotation completed successfully
Info (332123): Deriving Clock Uncertainty. Please refer to report_sdc in the Timing Analyzer to see clock uncertainties.
Critical Warning (332148): Timing requirements not met
    Info (11105): For recommendations on closing timing, run Report Timing Closure Recommendations in the Timing Analyzer.
Info (332146): Worst-case setup slack is -12.176
    Info (332119):     Slack       End Point TNS Clock 
    Info (332119): ========= =================== =====================
    Info (332119):   -12.176            -478.048 bytetx:btx|lclk 
    Info (332119):   -10.467           -2565.361 clk 
    Info (332119):    -8.105            -612.229 butt_clk 
    Info (332119):    -5.451            -208.823 hs_uart:uart|data_valid 
    Info (332119):    -2.355             -17.956 t_clk 
Info (332146): Worst-case hold slack is -3.007
    Info (332119):     Slack       End Point TNS Clock 
    Info (332119): ========= =================== =====================
    Info (332119):    -3.007             -54.223 butt_clk 
    Info (332119):    -2.792            -219.767 clk 
    Info (332119):    -0.322              -0.322 t_clk 
    Info (332119):     0.349               0.000 hs_uart:uart|data_valid 
    Info (332119):     0.368               0.000 bytetx:btx|lclk 
Info (332140): No Recovery paths to report
Info (332140): No Removal paths to report
Info (332146): Worst-case minimum pulse width slack is -0.552
    Info (332119):     Slack       End Point TNS Clock 
    Info (332119): ========= =================== =====================
    Info (332119):    -0.552            -291.055 clk 
    Info (332119):    -0.538             -98.566 butt_clk 
    Info (332119):    -0.538             -33.096 bytetx:btx|lclk 
    Info (332119):    -0.538             -33.014 hs_uart:uart|data_valid 
    Info (332119):    -0.538              -7.822 t_clk 
Info (332114): Report Metastability: Found 1 synchronizer chains.
    Info (332114): Design MTBF is not calculated because the design doesn't meet its timing requirements.
Info: Analyzing Fast 1100mV 85C Model
Info (334003): Started post-fitting delay annotation
Info (334004): Delay annotation completed successfully
Info (332123): Deriving Clock Uncertainty. Please refer to report_sdc in the Timing Analyzer to see clock uncertainties.
Critical Warning (332148): Timing requirements not met
    Info (11105): For recommendations on closing timing, run Report Timing Closure Recommendations in the Timing Analyzer.
Info (332146): Worst-case setup slack is -5.992
    Info (332119):     Slack       End Point TNS Clock 
    Info (332119): ========= =================== =====================
    Info (332119):    -5.992            -230.355 bytetx:btx|lclk 
    Info (332119):    -5.171           -1157.269 clk 
    Info (332119):    -4.304            -312.146 butt_clk 
    Info (332119):    -2.685            -101.414 hs_uart:uart|data_valid 
    Info (332119):    -1.148              -5.832 t_clk 
Info (332146): Worst-case hold slack is -1.839
    Info (332119):     Slack       End Point TNS Clock 
    Info (332119): ========= =================== =====================
    Info (332119):    -1.839            -189.217 clk 
    Info (332119):    -1.189             -15.469 butt_clk 
    Info (332119):    -0.328              -0.341 t_clk 
    Info (332119):     0.069               0.000 hs_uart:uart|data_valid 
    Info (332119):     0.114               0.000 bytetx:btx|lclk 
Info (332140): No Recovery paths to report
Info (332140): No Removal paths to report
Info (332146): Worst-case minimum pulse width slack is -0.575
    Info (332119):     Slack       End Point TNS Clock 
    Info (332119): ========= =================== =====================
    Info (332119):    -0.575             -81.793 butt_clk 
    Info (332119):    -0.138              -0.269 clk 
    Info (332119):     0.002               0.000 hs_uart:uart|data_valid 
    Info (332119):     0.036               0.000 t_clk 
    Info (332119):     0.073               0.000 bytetx:btx|lclk 
Info (332114): Report Metastability: Found 1 synchronizer chains.
    Info (332114): Design MTBF is not calculated because the design doesn't meet its timing requirements.
Info: Analyzing Fast 1100mV 0C Model
Info (332123): Deriving Clock Uncertainty. Please refer to report_sdc in the Timing Analyzer to see clock uncertainties.
Critical Warning (332148): Timing requirements not met
    Info (11105): For recommendations on closing timing, run Report Timing Closure Recommendations in the Timing Analyzer.
Info (332146): Worst-case setup slack is -5.612
    Info (332119):     Slack       End Point TNS Clock 
    Info (332119): ========= =================== =====================
    Info (332119):    -5.612            -216.158 bytetx:btx|lclk 
    Info (332119):    -4.573           -1023.390 clk 
    Info (332119):    -3.713            -266.203 butt_clk 
    Info (332119):    -2.541             -96.351 hs_uart:uart|data_valid 
    Info (332119):    -1.057              -5.071 t_clk 
Info (332146): Worst-case hold slack is -1.866
    Info (332119):     Slack       End Point TNS Clock 
    Info (332119): ========= =================== =====================
    Info (332119):    -1.866            -215.360 clk 
    Info (332119):    -1.161             -16.382 butt_clk 
    Info (332119):    -0.320              -0.351 t_clk 
    Info (332119):     0.080               0.000 hs_uart:uart|data_valid 
    Info (332119):     0.114               0.000 bytetx:btx|lclk 
Info (332140): No Recovery paths to report
Info (332140): No Removal paths to report
Info (332146): Worst-case minimum pulse width slack is -0.607
    Info (332119):     Slack       End Point TNS Clock 
    Info (332119): ========= =================== =====================
    Info (332119):    -0.607             -89.594 butt_clk 
    Info (332119):    -0.135              -0.260 clk 
    Info (332119):     0.035               0.000 hs_uart:uart|data_valid 
    Info (332119):     0.059               0.000 t_clk 
    Info (332119):     0.082               0.000 bytetx:btx|lclk 
Info (332114): Report Metastability: Found 1 synchronizer chains.
    Info (332114): Design MTBF is not calculated because the design doesn't meet its timing requirements.
Info (332102): Design is not fully constrained for setup requirements
Info (332102): Design is not fully constrained for hold requirements
Info: Quartus Prime Timing Analyzer was successful. 0 errors, 6 warnings
    Info: Peak virtual memory: 5248 megabytes
    Info: Processing ended: Sun Jan  7 16:59:30 2024
    Info: Elapsed time: 00:00:07
    Info: Total CPU time (on all processors): 00:00:09


